::1 - - [03/Mar/2026 11:13:40] "GET / HTTP/1.1" 200 -
::1 - - [03/Mar/2026 11:13:40] "GET /style.css HTTP/1.1" 200 -
::1 - - [03/Mar/2026 11:13:40] "GET /game.js HTTP/1.1" 200 -
::1 - - [03/Mar/2026 11:13:44] code 404, message File not found
::1 - - [03/Mar/2026 11:13:44] "GET /favicon.ico HTTP/1.1" 404 -
::1 - - [03/Mar/2026 11:39:04] "GET / HTTP/1.1" 304 -
::1 - - [03/Mar/2026 11:39:04] "GET /style.css HTTP/1.1" 304 -
::1 - - [03/Mar/2026 11:39:04] "GET /game.js HTTP/1.1" 200 -
::1 - - [03/Mar/2026 11:42:41] "GET / HTTP/1.1" 304 -
::1 - - [03/Mar/2026 11:42:41] "GET /game.js HTTP/1.1" 200 -
::1 - - [03/Mar/2026 11:43:32] code 404, message File not found
::1 - - [03/Mar/2026 11:43:32] "GET /favicon.ico HTTP/1.1" 404 -
::1 - - [03/Mar/2026 11:49:06] "GET / HTTP/1.1" 304 -
::1 - - [03/Mar/2026 11:49:06] "GET /style.css HTTP/1.1" 304 -
::1 - - [03/Mar/2026 11:49:06] "GET /game.js HTTP/1.1" 200 -
::1 - - [03/Mar/2026 11:49:26] "GET / HTTP/1.1" 304 -
::1 - - [03/Mar/2026 11:49:26] "GET /game.js HTTP/1.1" 304 -
::1 - - [03/Mar/2026 11:54:25] "GET / HTTP/1.1" 200 -
::1 - - [03/Mar/2026 11:54:25] "GET /style.css HTTP/1.1" 200 -
::1 - - [03/Mar/2026 11:54:25] "GET /game.js HTTP/1.1" 200 -
::1 - - [03/Mar/2026 11:54:25] code 404, message File not found
::1 - - [03/Mar/2026 11:54:25] "GET /favicon.ico HTTP/1.1" 404 -
::1 - - [03/Mar/2026 11:54:38] "GET / HTTP/1.1" 200 -
::1 - - [03/Mar/2026 11:54:38] "GET /style.css HTTP/1.1" 200 -
::1 - - [03/Mar/2026 11:54:38] "GET /game.js HTTP/1.1" 200 -
::1 - - [03/Mar/2026 11:54:39] code 404, message File not found
::1 - - [03/Mar/2026 11:54:39] "GET /favicon.ico HTTP/1.1" 404 -
::1 - - [03/Mar/2026 11:55:03] code 404, message File not found
::1 - - [03/Mar/2026 11:55:03] "GET /.well-known/appspecific/com.chrome.devtools.json HTTP/1.1" 404 -
::1 - - [03/Mar/2026 11:56:56] "GET / HTTP/1.1" 304 -
::1 - - [03/Mar/2026 11:56:56] code 404, message File not found
::1 - - [03/Mar/2026 11:56:56] "GET /.well-known/appspecific/com.chrome.devtools.json HTTP/1.1" 404 -
::1 - - [03/Mar/2026 11:56:56] "GET /game.js HTTP/1.1" 200 -
::1 - - [03/Mar/2026 11:57:42] code 404, message File not found
::1 - - [03/Mar/2026 11:57:42] "GET /favicon.ico HTTP/1.1" 404 -
